Determining if the pthread_create exist failed with the following output:
Change Dir: /home/justin/ros_test/build/CMakeFiles/CMakeTmp

Run Build Command:"/usr/bin/make" "cmTC_a5cdd/fast"
/usr/bin/make -f CMakeFiles/cmTC_a5cdd.dir/build.make CMakeFiles/cmTC_a5cdd.dir/build
make[1]: Entering directory '/home/justin/ros_test/build/CMakeFiles/CMakeTmp'
Building C object CMakeFiles/cmTC_a5cdd.dir/CheckSymbolExists.c.o
/usr/bin/cc    -o CMakeFiles/cmTC_a5cdd.dir/CheckSymbolExists.c.o   -c /home/justin/ros_test/build/CMakeFiles/CMakeTmp/CheckSymbolExists.c
Linking C executable cmTC_a5cdd
/usr/bin/cmake -E cmake_link_script CMakeFiles/cmTC_a5cdd.dir/link.txt --verbose=1
/usr/bin/cc      -rdynamic CMakeFiles/cmTC_a5cdd.dir/CheckSymbolExists.c.o  -o cmTC_a5cdd 
CMakeFiles/cmTC_a5cdd.dir/CheckSymbolExists.c.o: In function `main':
CheckSymbolExists.c:(.text+0x1b): undefined reference to `pthread_create'
collect2: error: ld returned 1 exit status
CMakeFiles/cmTC_a5cdd.dir/build.make:97: recipe for target 'cmTC_a5cdd' failed
make[1]: *** [cmTC_a5cdd] Error 1
make[1]: Leaving directory '/home/justin/ros_test/build/CMakeFiles/CMakeTmp'
Makefile:126: recipe for target 'cmTC_a5cdd/fast' failed
make: *** [cmTC_a5cdd/fast] Error 2

File /home/justin/ros_test/build/CMakeFiles/CMakeTmp/CheckSymbolExists.c:
/* */
#include <pthread.h>

int main(int argc, char** argv)
{
  (void)argv;
#ifndef pthread_create
  return ((int*)(&pthread_create))[argc];
#else
  (void)argc;
  return 0;
#endif
}

Determining if the function pthread_create exists in the pthreads failed with the following output:
Change Dir: /home/justin/ros_test/build/CMakeFiles/CMakeTmp

Run Build Command:"/usr/bin/make" "cmTC_72eaf/fast"
/usr/bin/make -f CMakeFiles/cmTC_72eaf.dir/build.make CMakeFiles/cmTC_72eaf.dir/build
make[1]: Entering directory '/home/justin/ros_test/build/CMakeFiles/CMakeTmp'
Building C object CMakeFiles/cmTC_72eaf.dir/CheckFunctionExists.c.o
/usr/bin/cc   -DCHECK_FUNCTION_EXISTS=pthread_create   -o CMakeFiles/cmTC_72eaf.dir/CheckFunctionExists.c.o   -c /usr/share/cmake-3.10/Modules/CheckFunctionExists.c
Linking C executable cmTC_72eaf
/usr/bin/cmake -E cmake_link_script CMakeFiles/cmTC_72eaf.dir/link.txt --verbose=1
/usr/bin/cc  -DCHECK_FUNCTION_EXISTS=pthread_create    -rdynamic CMakeFiles/cmTC_72eaf.dir/CheckFunctionExists.c.o  -o cmTC_72eaf -lpthreads 
/usr/bin/ld: cannot find -lpthreads
collect2: error: ld returned 1 exit status
CMakeFiles/cmTC_72eaf.dir/build.make:97: recipe for target 'cmTC_72eaf' failed
make[1]: *** [cmTC_72eaf] Error 1
make[1]: Leaving directory '/home/justin/ros_test/build/CMakeFiles/CMakeTmp'
Makefile:126: recipe for target 'cmTC_72eaf/fast' failed
make: *** [cmTC_72eaf/fast] Error 2


